<?xml version="1.0" encoding="UTF-8"?>
<!-- Generated by org.testng.reporters.JUnitReportReporter -->
<testsuite hostname="Admin" failures="1" tests="1" name="doAn.Search" time="1.580" errors="0" timestamp="2022-04-29T18:57:25 ICT" skipped="0">
  <testcase classname="doAn.Search" name="TC_01_SearchInData" time="1.580">
    <failure message="expected [Your product not find] but found [FEATURED
$50.0
SUMMER MAN FASHION T SHIRT HARAJUKU
  Out of stock
See Detail
Quick View
$200.0
FASHION MEN T-SHIRTS MALE TOP 2022
  Add to cart
See Detail
Quick View
$89.0
ADIDAS WOMEN&#039;S SHOES 2022 SPRING
  Add to cart
See Detail
Quick View
$60.0
LEE WOMEN&#039;S FLEX MOTION REGULAR HOT
Sold: 26 Products
Add to cart
See Detail
Quick View
$11.5
MEN CAUSAL LONG PANTS JOGGERS DARK
Sold: 21 Products
Add to cart
See Detail
Quick View
$90.0
ADIDAS ULTRABOOST 20 &quot;CORE BLACK&quot; LIMIT
Sold: 1 Products
Add to cart
See Detail
Quick View]" type="java.lang.AssertionError">
      <![CDATA[java.lang.AssertionError: expected [Your product not find] but found [FEATURED
$50.0
SUMMER MAN FASHION T SHIRT HARAJUKU
  Out of stock
See Detail
Quick View
$200.0
FASHION MEN T-SHIRTS MALE TOP 2022
  Add to cart
See Detail
Quick View
$89.0
ADIDAS WOMEN'S SHOES 2022 SPRING
  Add to cart
See Detail
Quick View
$60.0
LEE WOMEN'S FLEX MOTION REGULAR HOT
Sold: 26 Products
Add to cart
See Detail
Quick View
$11.5
MEN CAUSAL LONG PANTS JOGGERS DARK
Sold: 21 Products
Add to cart
See Detail
Quick View
$90.0
ADIDAS ULTRABOOST 20 "CORE BLACK" LIMIT
Sold: 1 Products
Add to cart
See Detail
Quick View]
at org.testng.Assert.fail(Assert.java:97)
at org.testng.Assert.assertEqualsImpl(Assert.java:136)
at org.testng.Assert.assertEquals(Assert.java:118)
at org.testng.Assert.assertEquals(Assert.java:575)
at org.testng.Assert.assertEquals(Assert.java:585)
at doAn.Search.TC_01_SearchInData(Search.java:37)
at java.base/jdk.internal.reflect.NativeMethodAccessorImpl.invoke0(Native Method)
at java.base/jdk.internal.reflect.NativeMethodAccessorImpl.invoke(NativeMethodAccessorImpl.java:64)
at java.base/jdk.internal.reflect.DelegatingMethodAccessorImpl.invoke(DelegatingMethodAccessorImpl.java:43)
at java.base/java.lang.reflect.Method.invoke(Method.java:564)
at org.testng.internal.MethodInvocationHelper.invokeMethod(MethodInvocationHelper.java:133)
at org.testng.internal.TestInvoker.invokeMethod(TestInvoker.java:584)
at org.testng.internal.TestInvoker.invokeTestMethod(TestInvoker.java:172)
at org.testng.internal.MethodRunner.runInSequence(MethodRunner.java:46)
at org.testng.internal.TestInvoker$MethodInvocationAgent.invoke(TestInvoker.java:804)
at org.testng.internal.TestInvoker.invokeTestMethods(TestInvoker.java:145)
at org.testng.internal.TestMethodWorker.invokeTestMethods(TestMethodWorker.java:146)
at org.testng.internal.TestMethodWorker.run(TestMethodWorker.java:128)
at java.base/java.util.ArrayList.forEach(ArrayList.java:1511)
at org.testng.TestRunner.privateRun(TestRunner.java:770)
at org.testng.TestRunner.run(TestRunner.java:591)
at org.testng.SuiteRunner.runTest(SuiteRunner.java:402)
at org.testng.SuiteRunner.runSequentially(SuiteRunner.java:396)
at org.testng.SuiteRunner.privateRun(SuiteRunner.java:355)
at org.testng.SuiteRunner.run(SuiteRunner.java:304)
at org.testng.SuiteRunnerWorker.runSuite(SuiteRunnerWorker.java:53)
at org.testng.SuiteRunnerWorker.run(SuiteRunnerWorker.java:96)
at org.testng.TestNG.runSuitesSequentially(TestNG.java:1180)
at org.testng.TestNG.runSuitesLocally(TestNG.java:1102)
at org.testng.TestNG.runSuites(TestNG.java:1032)
at org.testng.TestNG.run(TestNG.java:1000)
at org.testng.remote.AbstractRemoteTestNG.run(AbstractRemoteTestNG.java:115)
at org.testng.remote.RemoteTestNG.initAndRun(RemoteTestNG.java:251)
at org.testng.remote.RemoteTestNG.main(RemoteTestNG.java:77)
]]>
    </failure>
  </testcase> <!-- TC_01_SearchInData -->
</testsuite> <!-- doAn.Search -->
